<?xml version="1.0" encoding="UTF-8"?>
<testng-results ignored="0" total="1" passed="1" failed="0" skipped="0">
  <reporter-output>
  </reporter-output>
  <suite started-at="2023-02-05T18:53:12 IST" name="Default suite" finished-at="2023-02-05T18:53:13 IST" duration-ms="835">
    <groups>
    </groups>
    <test started-at="2023-02-05T18:53:12 IST" name="Default test" finished-at="2023-02-05T18:53:13 IST" duration-ms="835">
      <class name="com.extentreports.Extentreport">
        <test-method signature="extentreport()[pri:0, instance:com.extentreports.Extentreport@3d6f0054]" started-at="2023-02-05T18:53:12 IST" name="extentreport" finished-at="2023-02-05T18:53:13 IST" duration-ms="814" status="PASS">
          <reporter-output>
          </reporter-output>
        </test-method> <!-- extentreport -->
      </class> <!-- com.extentreports.Extentreport -->
    </test> <!-- Default test -->
  </suite> <!-- Default suite -->
</testng-results>
